c:\users\administrator\desktop\studentmanagersql\debug\vc142.pdb
c:\users\administrator\desktop\studentmanagersql\debug\studentmanagersql.obj
c:\users\administrator\desktop\studentmanagersql\debug\sqlmanager.obj
c:\users\administrator\desktop\studentmanagersql\debug\main.obj
c:\users\administrator\desktop\studentmanagersql\debug\moc_studentmanagersql.obj
c:\users\administrator\desktop\studentmanagersql\debug\moc_predefs.h
c:\users\administrator\desktop\studentmanagersql\debug\studentmanagersql.ilk
c:\users\administrator\desktop\studentmanagersql\debug\studentmanagersql.exe
c:\users\administrator\desktop\studentmanagersql\debug\studentmanagersql.pdb
c:\users\administrator\desktop\studentmanagersql\debug\moc_studentmanagersql.cpp
c:\users\administrator\desktop\studentmanagersql\ui_studentmanagersql.h
c:\users\administrator\desktop\studentmanagersql\debug\studentm.8942493d.tlog\cl.command.1.tlog
c:\users\administrator\desktop\studentmanagersql\debug\studentm.8942493d.tlog\cl.read.1.tlog
c:\users\administrator\desktop\studentmanagersql\debug\studentm.8942493d.tlog\cl.write.1.tlog
c:\users\administrator\desktop\studentmanagersql\debug\studentm.8942493d.tlog\custombuild.command.1.tlog
c:\users\administrator\desktop\studentmanagersql\debug\studentm.8942493d.tlog\custombuild.read.1.tlog
c:\users\administrator\desktop\studentmanagersql\debug\studentm.8942493d.tlog\custombuild.write.1.tlog
c:\users\administrator\desktop\studentmanagersql\debug\studentm.8942493d.tlog\link.command.1.tlog
c:\users\administrator\desktop\studentmanagersql\debug\studentm.8942493d.tlog\link.read.1.tlog
c:\users\administrator\desktop\studentmanagersql\debug\studentm.8942493d.tlog\link.write.1.tlog
c:\users\administrator\desktop\studentmanagersql\debug\studentm.8942493d.tlog\moc.read.1u.tlog
c:\users\administrator\desktop\studentmanagersql\debug\studentm.8942493d.tlog\moc.write.1u.tlog
c:\users\administrator\desktop\studentmanagersql\debug\studentm.8942493d.tlog\studentmanagersql.write.1u.tlog
c:\users\administrator\desktop\studentmanagersql\debug\studentm.8942493d.tlog\uic.read.1u.tlog
c:\users\administrator\desktop\studentmanagersql\debug\studentm.8942493d.tlog\uic.write.1u.tlog
